<?xml version="1.0" encoding="UTF-8"?>
<testng-results ignored="0" total="2" passed="2" failed="0" skipped="0">
  <reporter-output>
  </reporter-output>
  <suite started-at="2023-02-12T17:03:32 IST" name="Suite" finished-at="2023-02-12T17:03:40 IST" duration-ms="7370">
    <groups>
    </groups>
    <test started-at="2023-02-12T17:03:32 IST" name="keyword1" finished-at="2023-02-12T17:03:37 IST" duration-ms="4575">
      <class name="testNG.GoogleParameterSearch">
        <test-method signature="googleSearch(java.lang.String)[pri:0, instance:testNG.GoogleParameterSearch@3a93b025]" started-at="2023-02-12T17:03:32 IST" name="googleSearch" finished-at="2023-02-12T17:03:37 IST" duration-ms="4512" status="PASS">
          <params>
            <param index="0">
              <value>
                <![CDATA[Selenium]]>
              </value>
            </param>
          </params>
          <reporter-output>
          </reporter-output>
        </test-method> <!-- googleSearch -->
      </class> <!-- testNG.GoogleParameterSearch -->
    </test> <!-- keyword1 -->
    <test started-at="2023-02-12T17:03:37 IST" name="keyword2" finished-at="2023-02-12T17:03:40 IST" duration-ms="2777">
      <class name="testNG.GoogleParameterSearch">
        <test-method signature="googleSearch(java.lang.String)[pri:0, instance:testNG.GoogleParameterSearch@5656be13]" started-at="2023-02-12T17:03:37 IST" name="googleSearch" finished-at="2023-02-12T17:03:40 IST" duration-ms="2773" status="PASS">
          <params>
            <param index="0">
              <value>
                <![CDATA[Java]]>
              </value>
            </param>
          </params>
          <reporter-output>
          </reporter-output>
        </test-method> <!-- googleSearch -->
      </class> <!-- testNG.GoogleParameterSearch -->
    </test> <!-- keyword2 -->
  </suite> <!-- Suite -->
</testng-results>
